<?xml version="1.0" encoding="UTF-8"?>
<testsuite xmlns:xsi="http://www.w3.org/2001/XMLSchema-instance" xsi:noNamespaceSchemaLocation="https://maven.apache.org/surefire/maven-surefire-plugin/xsd/surefire-test-report-3.0.xsd" version="3.0" name="com.example.net.HttpClientFactoryTest" time="0.322" tests="4" errors="0" skipped="0" failures="0">
  <properties>
[...]
</properties>
  <testcase name="createWithTimeoutRejectsNull" classname="com.example.net.HttpClientFactoryTest" time="0.06"/>
  <testcase name="createDefaultReturnsNonNullClient" classname="com.example.net.HttpClientFactoryTest" time="0.22"/>
  <testcase name="createWithTimeoutReturnsNonNullClient" classname="com.example.net.HttpClientFactoryTest" time="0.002"/>
  <testcase name="createDefaultUsesHttp2" classname="com.example.net.HttpClientFactoryTest" time="0.003"/>
</testsuite>